<?xml version="1.0" encoding="UTF-8"?>
<testng-results ignored="0" total="1" passed="1" failed="0" skipped="0">
  <reporter-output>
    <line>
      <![CDATA[bangalore]]>
    </line>
  </reporter-output>
  <suite started-at="2024-08-05T12:17:16 IST" name="Suite" finished-at="2024-08-05T12:17:16 IST" duration-ms="58">
    <groups>
    </groups>
    <test started-at="2024-08-05T12:17:16 IST" name="Test" finished-at="2024-08-05T12:17:16 IST" duration-ms="58">
      <class name="com.actitime.testscript.CustomerModule">
        <test-method signature="createCustomer()[pri:0, instance:com.actitime.testscript.CustomerModule@222545dc]" started-at="2024-08-05T12:17:16 IST" name="createCustomer" finished-at="2024-08-05T12:17:16 IST" duration-ms="12" status="PASS">
          <reporter-output>
            <line>
              <![CDATA[bangalore]]>
            </line>
          </reporter-output>
        </test-method> <!-- createCustomer -->
      </class> <!-- com.actitime.testscript.CustomerModule -->
    </test> <!-- Test -->
  </suite> <!-- Suite -->
</testng-results>
